PLINK v1.90b6.21 64-bit (19 Oct 2020)
Options in effect:
  --allow-no-sex
  --bfile /home/jonathan/data/preprocessed/simulated/neutral_model/sim_4_neutral_model_chr3
  --dog
  --freq
  --nonfounders
  --out /home/jonathan/results/PLINK/allele_freq/simulated/neutral_model/sim_4_neutral_model_chr3_allele_freq

Hostname: axelina
Working directory: /home/jonathan
Start time: Mon Jun  3 09:16:54 2024

Random number seed: 1717406214
385423 MB RAM detected; reserving 192711 MB for main workspace.
2970 variants loaded from .bim file.
90 dogs (0 males, 0 females, 90 ambiguous) loaded from .fam.
Ambiguous sex IDs written to
/home/jonathan/results/PLINK/allele_freq/simulated/neutral_model/sim_4_neutral_model_chr3_allele_freq.nosex
.
90 phenotype values loaded from .fam.
Using 1 thread (no multithreaded calculations invoked).
Before main variant filters, 90 founders and 0 nonfounders present.
Calculating allele frequencies... done.
--freq: Allele frequencies (all samples) written to
/home/jonathan/results/PLINK/allele_freq/simulated/neutral_model/sim_4_neutral_model_chr3_allele_freq.frq
.

End time: Mon Jun  3 09:16:54 2024
