PLINK v1.90b6.21 64-bit (19 Oct 2020)
Options in effect:
  --bfile /home/jonathan/data/preprocessed/simulated/neutral_model/sim_2_neutral_model_chr3
  --dog
  --homozyg
  --homozyg-kb 1000
  --homozyg-snp 100
  --homozyg-window-het 1
  --homozyg-window-missing 5
  --homozyg-window-snp 50
  --homozyg-window-threshold 0.05
  --out /home/jonathan/results/PLINK/ROH/simulated/neutral_model/sim_2_neutral_model_chr3_ROH

Hostname: axelina
Working directory: /home/jonathan
Start time: Sun Jun  2 19:04:20 2024

Random number seed: 1717355060
385423 MB RAM detected; reserving 192711 MB for main workspace.
2970 variants loaded from .bim file.
50 dogs (0 males, 0 females, 50 ambiguous) loaded from .fam.
Ambiguous sex IDs written to
/home/jonathan/results/PLINK/ROH/simulated/neutral_model/sim_2_neutral_model_chr3_ROH.nosex
.
50 phenotype values loaded from .fam.
Warning: Ignoring phenotypes of missing-sex samples.  If you don't want those
phenotypes to be ignored, use the --allow-no-sex flag.
Using 1 thread (no multithreaded calculations invoked).
Before main variant filters, 50 founders and 0 nonfounders present.
Calculating allele frequencies... done.
2970 variants and 50 dogs pass filters and QC.
Note: No phenotypes present.
--homozyg: Scan complete, found 191 ROH.
Results saved to
/home/jonathan/results/PLINK/ROH/simulated/neutral_model/sim_2_neutral_model_chr3_ROH.hom
+
/home/jonathan/results/PLINK/ROH/simulated/neutral_model/sim_2_neutral_model_chr3_ROH.hom.indiv
+
/home/jonathan/results/PLINK/ROH/simulated/neutral_model/sim_2_neutral_model_chr3_ROH.hom.summary
.

End time: Sun Jun  2 19:04:20 2024
