PLINK v1.90b6.21 64-bit (19 Oct 2020)
Options in effect:
  --allow-no-sex
  --bfile /home/jonathan/data/preprocessed/simulated/neutral_model/sim_3_neutral_model_chr3
  --dog
  --freq
  --nonfounders
  --out /home/jonathan/results/PLINK/allele_freq/simulated/neutral_model/sim_3_neutral_model_chr3_allele_freq

Hostname: axelina
Working directory: /home/jonathan
Start time: Thu Jun  6 02:12:49 2024

Random number seed: 1717639969
385423 MB RAM detected; reserving 192711 MB for main workspace.
2970 variants loaded from .bim file.
70 dogs (0 males, 0 females, 70 ambiguous) loaded from .fam.
Ambiguous sex IDs written to
/home/jonathan/results/PLINK/allele_freq/simulated/neutral_model/sim_3_neutral_model_chr3_allele_freq.nosex
.
70 phenotype values loaded from .fam.
Using 1 thread (no multithreaded calculations invoked).
Before main variant filters, 70 founders and 0 nonfounders present.
Calculating allele frequencies... done.
--freq: Allele frequencies (all samples) written to
/home/jonathan/results/PLINK/allele_freq/simulated/neutral_model/sim_3_neutral_model_chr3_allele_freq.frq
.

End time: Thu Jun  6 02:12:49 2024
