PLINK v1.90b6.21 64-bit (19 Oct 2020)
Options in effect:
  --allow-no-sex
  --dog
  --file /home/jonathan/data/raw/simulated/selection_model/sim_3_selection_model_s05_chr3
  --geno 0.05
  --make-bed
  --mind 0.1
  --nonfounders
  --out /home/jonathan/data/preprocessed/simulated/selection_model/sim_3_selection_model_s05_chr3
  --pca 2

Hostname: axelina
Working directory: /home/jonathan
Start time: Mon Jun  3 08:37:00 2024

Random number seed: 1717403820
385423 MB RAM detected; reserving 192711 MB for main workspace.
Scanning .ped file... done.
Performing single-pass .bed write (2970 variants, 90 dogs).
--file:
/home/jonathan/data/preprocessed/simulated/selection_model/sim_3_selection_model_s05_chr3-temporary.bed
+
/home/jonathan/data/preprocessed/simulated/selection_model/sim_3_selection_model_s05_chr3-temporary.bim
+
/home/jonathan/data/preprocessed/simulated/selection_model/sim_3_selection_model_s05_chr3-temporary.fam
written.
2970 variants loaded from .bim file.
90 dogs (0 males, 0 females, 90 ambiguous) loaded from .fam.
Ambiguous sex IDs written to
/home/jonathan/data/preprocessed/simulated/selection_model/sim_3_selection_model_s05_chr3.nosex
.
90 phenotype values loaded from .fam.
0 dogs removed due to missing genotype data (--mind).
Using up to 31 threads (change this with --threads).
Before main variant filters, 90 founders and 0 nonfounders present.
Calculating allele frequencies... done.
0 variants removed due to missing genotype data (--geno).
2970 variants and 90 dogs pass filters and QC.
Phenotype data is quantitative.
Relationship matrix calculation complete.
--pca: Results saved to
/home/jonathan/data/preprocessed/simulated/selection_model/sim_3_selection_model_s05_chr3.eigenval
and
/home/jonathan/data/preprocessed/simulated/selection_model/sim_3_selection_model_s05_chr3.eigenvec
.
--make-bed to
/home/jonathan/data/preprocessed/simulated/selection_model/sim_3_selection_model_s05_chr3.bed
+
/home/jonathan/data/preprocessed/simulated/selection_model/sim_3_selection_model_s05_chr3.bim
+
/home/jonathan/data/preprocessed/simulated/selection_model/sim_3_selection_model_s05_chr3.fam
... done.

End time: Mon Jun  3 08:37:00 2024
