PLINK v1.90b6.21 64-bit (19 Oct 2020)
Options in effect:
  --allow-no-sex
  --dog
  --file /home/jonathan/data/raw/simulated/neutral_model/sim_4_neutral_model_chr3
  --nonfounders
  --out /home/jonathan/data/raw/simulated/neutral_model/PCA/sim_4_neutral_model_chr3_PCA
  --pca 2

Hostname: axelina
Working directory: /home/jonathan
Start time: Mon May 20 18:38:11 2024

Random number seed: 1716230291
385423 MB RAM detected; reserving 192711 MB for main workspace.
Scanning .ped file... done.
Performing single-pass .bed write (5283 variants, 50 dogs).
--file:
/home/jonathan/data/raw/simulated/neutral_model/PCA/sim_4_neutral_model_chr3_PCA-temporary.bed
+
/home/jonathan/data/raw/simulated/neutral_model/PCA/sim_4_neutral_model_chr3_PCA-temporary.bim
+
/home/jonathan/data/raw/simulated/neutral_model/PCA/sim_4_neutral_model_chr3_PCA-temporary.fam
written.
5283 variants loaded from .bim file.
50 dogs (0 males, 0 females, 50 ambiguous) loaded from .fam.
Ambiguous sex IDs written to
/home/jonathan/data/raw/simulated/neutral_model/PCA/sim_4_neutral_model_chr3_PCA.nosex
.
50 phenotype values loaded from .fam.
Using up to 31 threads (change this with --threads).
Before main variant filters, 50 founders and 0 nonfounders present.
Calculating allele frequencies... done.
5283 variants and 50 dogs pass filters and QC.
Phenotype data is quantitative.
Relationship matrix calculation complete.
--pca: Results saved to
/home/jonathan/data/raw/simulated/neutral_model/PCA/sim_4_neutral_model_chr3_PCA.eigenval
and
/home/jonathan/data/raw/simulated/neutral_model/PCA/sim_4_neutral_model_chr3_PCA.eigenvec
.

End time: Mon May 20 18:38:11 2024
