PLINK v1.90b6.21 64-bit (19 Oct 2020)
Options in effect:
  --allow-no-sex
  --dog
  --file /home/jonathan/data/raw/simulated/sim_20_neutral_model_chr3
  --freq
  --nonfounders
  --out /home/jonathan/results/PLINK/simulated/allele_freq/sim_20_neutral_model_chr3_allele_freq

Hostname: axelina
Working directory: /home/jonathan
Start time: Thu Apr 11 14:04:32 2024

Random number seed: 1712844272
385423 MB RAM detected; reserving 192711 MB for main workspace.
Scanning .ped file... done.
Performing single-pass .bed write (3194 variants, 50 dogs).
--file:
/home/jonathan/results/PLINK/simulated/allele_freq/sim_20_neutral_model_chr3_allele_freq-temporary.bed
+
/home/jonathan/results/PLINK/simulated/allele_freq/sim_20_neutral_model_chr3_allele_freq-temporary.bim
+
/home/jonathan/results/PLINK/simulated/allele_freq/sim_20_neutral_model_chr3_allele_freq-temporary.fam
written.
3194 variants loaded from .bim file.
50 dogs (0 males, 0 females, 50 ambiguous) loaded from .fam.
Ambiguous sex IDs written to
/home/jonathan/results/PLINK/simulated/allele_freq/sim_20_neutral_model_chr3_allele_freq.nosex
.
50 phenotype values loaded from .fam.
Using 1 thread (no multithreaded calculations invoked).
Before main variant filters, 50 founders and 0 nonfounders present.
Calculating allele frequencies... done.
--freq: Allele frequencies (all samples) written to
/home/jonathan/results/PLINK/simulated/allele_freq/sim_20_neutral_model_chr3_allele_freq.frq
.

End time: Thu Apr 11 14:04:32 2024
