PLINK v1.90b6.21 64-bit (19 Oct 2020)
Options in effect:
  --allow-no-sex
  --bfile /home/jonathan/data/raw/simulated/selection_model/sim_14_selection_model_s03_chr3
  --dog
  --geno 0.05
  --make-bed
  --mind 0.1
  --nonfounders
  --out /home/jonathan/data/preprocessed/simulated/selection_model/sim_14_selection_model_s03_chr3

Hostname: axelina
Working directory: /home/jonathan
Start time: Sat Aug 24 11:54:49 2024

Random number seed: 1724500489
385423 MB RAM detected; reserving 192711 MB for main workspace.
8172 variants loaded from .bim file.
415 dogs (0 males, 0 females, 415 ambiguous) loaded from .fam.
Ambiguous sex IDs written to
/home/jonathan/data/preprocessed/simulated/selection_model/sim_14_selection_model_s03_chr3.nosex
.
415 phenotype values loaded from .fam.
0 dogs removed due to missing genotype data (--mind).
Using 1 thread (no multithreaded calculations invoked).
Before main variant filters, 415 founders and 0 nonfounders present.
Calculating allele frequencies... done.
0 variants removed due to missing genotype data (--geno).
8172 variants and 415 dogs pass filters and QC.
Phenotype data is quantitative.
--make-bed to
/home/jonathan/data/preprocessed/simulated/selection_model/sim_14_selection_model_s03_chr3.bed
+
/home/jonathan/data/preprocessed/simulated/selection_model/sim_14_selection_model_s03_chr3.bim
+
/home/jonathan/data/preprocessed/simulated/selection_model/sim_14_selection_model_s03_chr3.fam
... done.

End time: Sat Aug 24 11:54:49 2024
