PLINK v1.90b6.21 64-bit (19 Oct 2020)
Options in effect:
  --allow-no-sex
  --dog
  --file /home/jonathan/data/raw/simulated/neutral_model/sim_4_neutral_model_chr3
  --nonfounders
  --out /home/jonathan/data/raw/simulated/neutral_model/PCA/sim_4_neutral_model_chr3_PCA
  --pca 2

Hostname: axelina
Working directory: /home/jonathan
Start time: Mon Jun  3 08:36:59 2024

Random number seed: 1717403819
385423 MB RAM detected; reserving 192711 MB for main workspace.
Scanning .ped file... done.
Performing single-pass .bed write (2970 variants, 90 dogs).
--file:
/home/jonathan/data/raw/simulated/neutral_model/PCA/sim_4_neutral_model_chr3_PCA-temporary.bed
+
/home/jonathan/data/raw/simulated/neutral_model/PCA/sim_4_neutral_model_chr3_PCA-temporary.bim
+
/home/jonathan/data/raw/simulated/neutral_model/PCA/sim_4_neutral_model_chr3_PCA-temporary.fam
written.
2970 variants loaded from .bim file.
90 dogs (0 males, 0 females, 90 ambiguous) loaded from .fam.
Ambiguous sex IDs written to
/home/jonathan/data/raw/simulated/neutral_model/PCA/sim_4_neutral_model_chr3_PCA.nosex
.
90 phenotype values loaded from .fam.
Using up to 31 threads (change this with --threads).
Before main variant filters, 90 founders and 0 nonfounders present.
Calculating allele frequencies... done.
2970 variants and 90 dogs pass filters and QC.
Phenotype data is quantitative.
Relationship matrix calculation complete.
--pca: Results saved to
/home/jonathan/data/raw/simulated/neutral_model/PCA/sim_4_neutral_model_chr3_PCA.eigenval
and
/home/jonathan/data/raw/simulated/neutral_model/PCA/sim_4_neutral_model_chr3_PCA.eigenvec
.

End time: Mon Jun  3 08:37:00 2024
