PLINK v1.90b6.21 64-bit (19 Oct 2020)
Options in effect:
  --allow-no-sex
  --dog
  --file /home/jonathan/data/raw/simulated/neutral_model/sim_4_neutral_model_chr3
  --nonfounders
  --out /home/jonathan/data/raw/simulated/neutral_model/PCA/sim_4_neutral_model_chr3_PCA
  --pca 2

Hostname: axelina
Working directory: /home/jonathan
Start time: Thu Aug 15 12:06:54 2024

Random number seed: 1723723614
385423 MB RAM detected; reserving 192711 MB for main workspace.
Scanning .ped file... done.
Performing single-pass .bed write (8172 variants, 200 dogs).
--file:
/home/jonathan/data/raw/simulated/neutral_model/PCA/sim_4_neutral_model_chr3_PCA-temporary.bed
+
/home/jonathan/data/raw/simulated/neutral_model/PCA/sim_4_neutral_model_chr3_PCA-temporary.bim
+
/home/jonathan/data/raw/simulated/neutral_model/PCA/sim_4_neutral_model_chr3_PCA-temporary.fam
written.
8172 variants loaded from .bim file.
200 dogs (0 males, 0 females, 200 ambiguous) loaded from .fam.
Ambiguous sex IDs written to
/home/jonathan/data/raw/simulated/neutral_model/PCA/sim_4_neutral_model_chr3_PCA.nosex
.
200 phenotype values loaded from .fam.
Using up to 31 threads (change this with --threads).
Before main variant filters, 200 founders and 0 nonfounders present.
Calculating allele frequencies... done.
8172 variants and 200 dogs pass filters and QC.
Phenotype data is quantitative.
Relationship matrix calculation complete.
--pca: Results saved to
/home/jonathan/data/raw/simulated/neutral_model/PCA/sim_4_neutral_model_chr3_PCA.eigenval
and
/home/jonathan/data/raw/simulated/neutral_model/PCA/sim_4_neutral_model_chr3_PCA.eigenvec
.

End time: Thu Aug 15 12:06:54 2024
