PLINK v1.90b6.21 64-bit (19 Oct 2020)
Options in effect:
  --allow-no-sex
  --dog
  --file /home/jonathan/data/raw/simulated/selection_model/sim_18_selection_model_s05_chr3
  --geno 0.05
  --maf 0.05
  --make-bed
  --mind 0.1
  --nonfounders
  --out /home/jonathan/data/preprocessed/simulated/selection_model/sim_18_selection_model_s05_chr3
  --pca 2

Hostname: axelina
Working directory: /home/jonathan
Start time: Sun May 19 18:14:59 2024

Random number seed: 1716142499
385423 MB RAM detected; reserving 192711 MB for main workspace.
Scanning .ped file... done.
Performing single-pass .bed write (5283 variants, 50 dogs).
--file:
/home/jonathan/data/preprocessed/simulated/selection_model/sim_18_selection_model_s05_chr3-temporary.bed
+
/home/jonathan/data/preprocessed/simulated/selection_model/sim_18_selection_model_s05_chr3-temporary.bim
+
/home/jonathan/data/preprocessed/simulated/selection_model/sim_18_selection_model_s05_chr3-temporary.fam
written.
5283 variants loaded from .bim file.
50 dogs (0 males, 0 females, 50 ambiguous) loaded from .fam.
Ambiguous sex IDs written to
/home/jonathan/data/preprocessed/simulated/selection_model/sim_18_selection_model_s05_chr3.nosex
.
50 phenotype values loaded from .fam.
0 dogs removed due to missing genotype data (--mind).
Using up to 31 threads (change this with --threads).
Before main variant filters, 50 founders and 0 nonfounders present.
Calculating allele frequencies... done.
0 variants removed due to missing genotype data (--geno).
2552 variants removed due to minor allele threshold(s)
(--maf/--max-maf/--mac/--max-mac).
2731 variants and 50 dogs pass filters and QC.
Phenotype data is quantitative.
Relationship matrix calculation complete.
--pca: Results saved to
/home/jonathan/data/preprocessed/simulated/selection_model/sim_18_selection_model_s05_chr3.eigenval
and
/home/jonathan/data/preprocessed/simulated/selection_model/sim_18_selection_model_s05_chr3.eigenvec
.
--make-bed to
/home/jonathan/data/preprocessed/simulated/selection_model/sim_18_selection_model_s05_chr3.bed
+
/home/jonathan/data/preprocessed/simulated/selection_model/sim_18_selection_model_s05_chr3.bim
+
/home/jonathan/data/preprocessed/simulated/selection_model/sim_18_selection_model_s05_chr3.fam
... done.

End time: Sun May 19 18:14:59 2024
