PLINK v1.90b6.21 64-bit (19 Oct 2020)
Options in effect:
  --bfile /home/jonathan/data/preprocessed/empirical/doi_10_5061_dryad_h44j0zpkf__v20210813/german_shepherd_filtered
  --dog
  --homozyg
  --homozyg-kb 1000
  --homozyg-snp 100
  --homozyg-window-het 1
  --homozyg-window-missing 5
  --homozyg-window-snp 50
  --homozyg-window-threshold 0.05
  --out /home/jonathan/results/PLINK/empirical/doi_10_5061_dryad_h44j0zpkf__v20210813/german_shepherd_ROH

Hostname: axelina
Working directory: /home/jonathan
Start time: Thu Feb 29 17:29:26 2024

Random number seed: 1709227766
385423 MB RAM detected; reserving 192711 MB for main workspace.
78088 variants loaded from .bim file.
324 dogs (143 males, 181 females) loaded from .fam.
Using 1 thread (no multithreaded calculations invoked).
Before main variant filters, 0 founders and 324 nonfounders present.
Calculating allele frequencies... done.
Total genotyping rate is 0.998907.
78088 variants and 324 dogs pass filters and QC.
Note: No phenotypes present.
--homozyg: Scan complete, found 25319 ROH.
Results saved to
/home/jonathan/results/PLINK/empirical/doi_10_5061_dryad_h44j0zpkf__v20210813/german_shepherd_ROH.hom
+
/home/jonathan/results/PLINK/empirical/doi_10_5061_dryad_h44j0zpkf__v20210813/german_shepherd_ROH.hom.indiv
+
/home/jonathan/results/PLINK/empirical/doi_10_5061_dryad_h44j0zpkf__v20210813/german_shepherd_ROH.hom.summary
.

End time: Thu Feb 29 17:29:26 2024
