PLINK v1.90b6.21 64-bit (19 Oct 2020)
Options in effect:
  --bfile /home/jonathan/data/preprocessed/empirical/labrador_retriever/labrador_retriever_filtered
  --dog
  --homozyg
  --homozyg-kb 1000
  --homozyg-snp 100
  --homozyg-window-het 1
  --homozyg-window-missing 5
  --homozyg-window-snp 50
  --homozyg-window-threshold 0.05
  --out /home/jonathan/results/PLINK/ROH/empirical/labrador_retriever/labrador_retriever_ROH

Hostname: axelina
Working directory: /home/jonathan
Start time: Sat Aug 24 11:55:14 2024

Random number seed: 1724500514
385423 MB RAM detected; reserving 192711 MB for main workspace.
201850 variants loaded from .bim file.
222 dogs (135 males, 87 females) loaded from .fam.
Using 1 thread (no multithreaded calculations invoked).
Before main variant filters, 222 founders and 0 nonfounders present.
Calculating allele frequencies... done.
Total genotyping rate is 0.997365.
201850 variants and 222 dogs pass filters and QC.
Note: No phenotypes present.
--homozyg: Scan complete, found 23934 ROH.
Results saved to
/home/jonathan/results/PLINK/ROH/empirical/labrador_retriever/labrador_retriever_ROH.hom
+
/home/jonathan/results/PLINK/ROH/empirical/labrador_retriever/labrador_retriever_ROH.hom.indiv
+
/home/jonathan/results/PLINK/ROH/empirical/labrador_retriever/labrador_retriever_ROH.hom.summary
.

End time: Sat Aug 24 11:55:14 2024
