PLINK v1.90b6.21 64-bit (19 Oct 2020)
Options in effect:
  --dog
  --file /home/jonathan/data/raw/empirical/doi_10_5061_dryad_h44j0zpkf__v20210813/Wang_HDGenetDogs_Genotypes_100621_UK
  --out /home/jonathan/data/raw/empirical/doi_10_5061_dryad_h44j0zpkf__v20210813/PCA/Wang_HDGenetDogs_Genotypes_100621_UK_PCA
  --pca 2

Hostname: axelina
Working directory: /home/jonathan
Start time: Mon May 13 21:18:54 2024

Random number seed: 1715635134
385423 MB RAM detected; reserving 192711 MB for main workspace.
Scanning .ped file... done.
Performing single-pass .bed write (78088 variants, 324 dogs).
--file:
/home/jonathan/data/raw/empirical/doi_10_5061_dryad_h44j0zpkf__v20210813/PCA/Wang_HDGenetDogs_Genotypes_100621_UK_PCA-temporary.bed
+
/home/jonathan/data/raw/empirical/doi_10_5061_dryad_h44j0zpkf__v20210813/PCA/Wang_HDGenetDogs_Genotypes_100621_UK_PCA-temporary.bim
+
/home/jonathan/data/raw/empirical/doi_10_5061_dryad_h44j0zpkf__v20210813/PCA/Wang_HDGenetDogs_Genotypes_100621_UK_PCA-temporary.fam
written.
78088 variants loaded from .bim file.
324 dogs (143 males, 181 females) loaded from .fam.
Using up to 31 threads (change this with --threads).
Before main variant filters, 0 founders and 324 nonfounders present.
Calculating allele frequencies... done.
Total genotyping rate is 0.998907.
78088 variants and 324 dogs pass filters and QC.
Note: No phenotypes present.
Relationship matrix calculation complete.
--pca: Results saved to
/home/jonathan/data/raw/empirical/doi_10_5061_dryad_h44j0zpkf__v20210813/PCA/Wang_HDGenetDogs_Genotypes_100621_UK_PCA.eigenval
and
/home/jonathan/data/raw/empirical/doi_10_5061_dryad_h44j0zpkf__v20210813/PCA/Wang_HDGenetDogs_Genotypes_100621_UK_PCA.eigenvec
.

End time: Mon May 13 21:18:55 2024
