PLINK v1.90b6.21 64-bit (19 Oct 2020)
Options in effect:
  --allow-no-sex
  --bfile /home/jonathan/data/preprocessed/empirical/doi_10_5061_dryad_h44j0zpkf__v20210813/german_shepherd_filtered
  --dog
  --freq
  --nonfounders
  --out /home/jonathan/results/PLINK/allele_freq/empirical/german_shepherd/german_shepherd_filtered_allele_freq

Hostname: axelina
Working directory: /home/jonathan
Start time: Wed Jun  5 07:09:06 2024

Random number seed: 1717571346
385423 MB RAM detected; reserving 192711 MB for main workspace.
78088 variants loaded from .bim file.
324 dogs (143 males, 181 females) loaded from .fam.
Using 1 thread (no multithreaded calculations invoked).
Before main variant filters, 0 founders and 324 nonfounders present.
Calculating allele frequencies... done.
Total genotyping rate is 0.998907.
--freq: Allele frequencies (all samples) written to
/home/jonathan/results/PLINK/allele_freq/empirical/german_shepherd/german_shepherd_filtered_allele_freq.frq
.

End time: Wed Jun  5 07:09:06 2024
