PLINK v1.90b6.21 64-bit (19 Oct 2020)
Options in effect:
  --file /home/jonathan/writePlink_test
  --homozyg

Hostname: axelina
Working directory: /home/jonathan
Start time: Tue Feb  6 16:06:28 2024

Random number seed: 1707235588
385423 MB RAM detected; reserving 192711 MB for main workspace.
Scanning .ped file... done.
Performing single-pass .bed write (1000 variants, 50 people).
--file: plink-temporary.bed + plink-temporary.bim + plink-temporary.fam
written.
1000 variants loaded from .bim file.
50 people (25 males, 25 females) loaded from .fam.
50 phenotype values loaded from .fam.
Using 1 thread (no multithreaded calculations invoked).
Before main variant filters, 50 founders and 0 nonfounders present.
Calculating allele frequencies... done.
1000 variants and 50 people pass filters and QC.
Phenotype data is quantitative.
--homozyg: Scan complete, found 0 ROH.
Results saved to plink.hom + plink.hom.indiv + plink.hom.summary .

End time: Tue Feb  6 16:06:28 2024
