PLINK v1.90b6.21 64-bit (19 Oct 2020)
Options in effect:
  --bfile /home/jonathan/data/raw/empirical/labrador_retriever/LR_fs
  --chr 1-38
  --dog
  --geno 0.05
  --make-bed
  --mind 0.1
  --out /home/jonathan/data/preprocessed/empirical/labrador_retriever/labrador_retriever_filtered
  --pca 2

Hostname: axelina
Working directory: /home/jonathan
Start time: Mon Aug 12 06:55:47 2024

Random number seed: 1723445747
385423 MB RAM detected; reserving 192711 MB for main workspace.
211256 out of 220853 variants loaded from .bim file.
229 dogs (138 males, 91 females) loaded from .fam.
7 dogs removed due to missing genotype data (--mind).
IDs written to
/home/jonathan/data/preprocessed/empirical/labrador_retriever/labrador_retriever_filtered.irem
.
Using up to 31 threads (change this with --threads).
Before main variant filters, 222 founders and 0 nonfounders present.
Calculating allele frequencies... done.
Total genotyping rate in remaining samples is 0.977822.
9406 variants removed due to missing genotype data (--geno).
201850 variants and 222 dogs pass filters and QC.
Note: No phenotypes present.
Relationship matrix calculation complete.
--pca: Results saved to
/home/jonathan/data/preprocessed/empirical/labrador_retriever/labrador_retriever_filtered.eigenval
and
/home/jonathan/data/preprocessed/empirical/labrador_retriever/labrador_retriever_filtered.eigenvec
.
--make-bed to
/home/jonathan/data/preprocessed/empirical/labrador_retriever/labrador_retriever_filtered.bed
+
/home/jonathan/data/preprocessed/empirical/labrador_retriever/labrador_retriever_filtered.bim
+
/home/jonathan/data/preprocessed/empirical/labrador_retriever/labrador_retriever_filtered.fam
... done.

End time: Mon Aug 12 06:55:48 2024
